<?xml version="1.0" encoding="UTF-8"?>
<!-- Generated by org.testng.reporters.JUnitReportReporter -->
<testsuite hostname="LAPTOP-HA74NOBF" failures="0" tests="2" name="com.Banking.TestCases.LoginTest" time="22.171" errors="0" timestamp="04 Feb 2024 05:49:16 GMT" skipped="0">
  <testcase classname="com.Banking.TestCases.LoginTest" name="loginPageTest1" time="11.253"/>
  <testcase classname="com.Banking.TestCases.LoginTest" name="loginPageTest" time="10.918"/>
</testsuite> <!-- com.Banking.TestCases.LoginTest -->
