<?xml version="1.0" encoding="UTF-8"?>
<!-- Generated by org.testng.reporters.JUnitReportReporter -->
<testsuite hostname="LAPTOP-HA74NOBF" failures="0" tests="2" name="com.Banking.TestCases.LoginTest" time="14.072" errors="0" timestamp="11 Feb 2024 13:54:27 GMT" skipped="0">
  <testcase classname="com.Banking.TestCases.LoginTest" name="loginPageTest" time="8.480"/>
  <testcase classname="com.Banking.TestCases.LoginTest" name="loginPageTest1" time="5.592"/>
</testsuite> <!-- com.Banking.TestCases.LoginTest -->
