<?xml version="1.0" encoding="UTF-8"?>
<!-- Generated by org.testng.reporters.JUnitReportReporter -->
<testsuite hostname="LAPTOP-HA74NOBF" failures="0" tests="1" name="com.Banking.TestCases.LoginTest" time="1.440" errors="0" timestamp="04 Feb 2024 04:43:01 GMT" skipped="0">
  <testcase classname="com.Banking.TestCases.LoginTest" name="loginPageTest" time="1.440"/>
</testsuite> <!-- com.Banking.TestCases.LoginTest -->
